[2018-09-27T12:37:21.639] [ERROR] Error - {"Error_Name":"","Error_Address":"","Error_Message":"SyntaxError: missing ) after argument list"}
[2018-09-27T12:39:09.725] [ERROR] Error - {"Error_Name":"","Error_Address":"","Error_Message":"TypeError: Cannot read property '_id' of undefined"}
[2018-09-27T12:40:00.727] [ERROR] Error - {"Error_Name":"","Error_Address":"","Error_Message":{}}
[2018-09-27T12:40:00.938] [ERROR] Error - {"Error_Name":"","Error_Address":"","Error_Message":{}}
[2018-09-27T12:40:12.026] [ERROR] Error - {"Error_Name":"","Error_Address":"","Error_Message":{}}
[2018-09-27T12:40:21.067] [ERROR] Error - {"Error_Name":"","Error_Address":"","Error_Message":{}}
[2018-09-27T12:40:27.422] [ERROR] Error - {"Error_Name":"","Error_Address":"","Error_Message":{}}
[2018-09-27T12:41:08.028] [ERROR] Error - {"Error_Name":"","Error_Address":"","Error_Message":{}}
[2018-09-27T12:41:08.046] [ERROR] Error - {"Error_Name":"","Error_Address":"","Error_Message":{}}
[2018-09-27T12:41:08.258] [ERROR] Error - {"Error_Name":"","Error_Address":"","Error_Message":{}}
[2018-09-27T12:42:01.537] [ERROR] Error - {"Error_Name":"","Error_Address":"","Error_Message":{}}
[2018-09-27T12:42:01.792] [ERROR] Error - {"Error_Name":"","Error_Address":"","Error_Message":{}}
[2018-09-27T12:48:19.179] [ERROR] Error - {"Error_Name":"","Error_Address":"","Error_Message":"SyntaxError: Unexpected token _ in JSON at position 2"}
[2018-09-27T12:48:20.153] [ERROR] Error - {"Error_Name":"","Error_Address":"","Error_Message":"SyntaxError: Unexpected token _ in JSON at position 2"}
[2018-09-27T12:48:44.166] [ERROR] Error - {"Error_Name":"","Error_Address":"","Error_Message":"SyntaxError: Unexpected token _ in JSON at position 2"}
[2018-09-27T12:48:54.004] [ERROR] Error - {"Error_Name":"","Error_Address":"","Error_Message":"SyntaxError: Unexpected token _ in JSON at position 2"}
[2018-09-27T12:52:59.616] [ERROR] Error - {"Error_Name":"","Error_Address":"","Error_Message":"ReferenceError: obj is not defined"}
[2018-09-27T12:54:56.794] [ERROR] Error - {"Error_Name":"","Error_Address":"","Error_Message":"ReferenceError: obj is not defined"}
[2018-09-27T13:12:39.272] [ERROR] Error - {"Error_Name":"","Error_Address":"","Error_Message":{}}
[2018-09-27T13:14:01.237] [ERROR] Error - {"Error_Name":"","Error_Address":"","Error_Message":{}}
[2018-09-27T17:22:29.927] [ERROR] Error - {"Error_Name":"","Error_Address":"","Error_Message":"ReferenceError: Delivered is not defined"}
[2018-09-27T17:23:01.645] [ERROR] Error - {"Error_Name":"","Error_Address":"","Error_Message":"Error: Route.post() requires a callback function but got a [object Undefined]"}
[2018-09-27T17:35:59.039] [ERROR] Error - {"Error_Name":"","Error_Address":"","Error_Message":"ReferenceError: Info is not defined"}
[2018-09-27T17:37:10.147] [ERROR] Error - {"Error_Name":"","Error_Address":"","Error_Message":"ReferenceError: Info is not defined"}
[2018-09-27T18:03:43.083] [ERROR] Error - {"Error_Name":"","Error_Address":"","Error_Message":"SyntaxError: Missing initializer in const declaration"}
