[2018-09-22T14:07:32.457] [ERROR] Error - {"Error_Name":"Log Expenses Creation Query Error","Error_Address":"LogExpenses.controller.js","Ip":"::1","Request_From_Origin":"http://localhost:4300","Request_From":"http://localhost:4300/Create_Log_Expenses","Request_Url":"/API/LogExpenses/LogExpenses_Create","Request_Body":{"Info":"U2FsdGVkX1+ox5gMlChryyW5LqJo+WnOET09JfOsM7So8vLV0PPJJFPmL5F3icGrWtGEQX1C8wFoYgcENMZNRXTI/qsbLeBPPoOyXs6VM8G7qtzQmPzfynIRO/7hM4RJ4DCNm4hk4Nxq8NS+bEYu0FgSvevQ8OYp7a/jMAbScg4wSPUE6JxwxX9HPG0patq6UF8MFg6B8vPql4s0tLoi3VHwmbRjr8yccMHNEH1hn/g="},"If_Get":{},"Device_Info":{"ua":"Mozilla/5.0 (Windows NT 10.0; Win64; x64) AppleWebKit/537.36 (KHTML, like Gecko) Chrome/69.0.3497.100 Safari/537.36","browser":{"name":"Chrome","version":"69.0.3497.100","major":"69"},"engine":{"name":"WebKit","version":"537.36"},"os":{"name":"Windows","version":"10"},"device":{},"cpu":{"architecture":"amd64"}}}
[2018-09-22T14:09:32.108] [ERROR] Error - {"Error_Name":"Log Expenses Creation Query Error","Error_Address":"LogExpenses.controller.js","Ip":"::1","Request_From_Origin":"http://localhost:4300","Request_From":"http://localhost:4300/Create_Log_Expenses","Request_Url":"/API/LogExpenses/LogExpenses_Create","Request_Body":{"Info":"U2FsdGVkX18/FJc2P/Cmr5iJQXnsAVRpuNNJieWdX8VSJQIg1o+uOpm71wF8O10g6QiDOjYnBDerzDHAhRdyd6hJxHz2V8Rud8Myz4CsUd7PCMCF2hLqSPP6jsDbFF7XEkKpOviqCiaVi0sij+9XoseXSRGMu9/9Wjx8AfIYOrQH4HPSu18odRGQVTSWy0Lf9AmLZVD7TA3ljfhZ4D52XkuNkMT2qi1t/23mrfxCyzY="},"If_Get":{},"Device_Info":{"ua":"Mozilla/5.0 (Windows NT 10.0; Win64; x64) AppleWebKit/537.36 (KHTML, like Gecko) Chrome/69.0.3497.100 Safari/537.36","browser":{"name":"Chrome","version":"69.0.3497.100","major":"69"},"engine":{"name":"WebKit","version":"537.36"},"os":{"name":"Windows","version":"10"},"device":{},"cpu":{"architecture":"amd64"}}}
[2018-09-22T15:05:51.064] [ERROR] Error - {"Error_Name":"Bank Delete Query Error","Error_Address":"AccountSettings.controller.js","Ip":"::1","Request_From_Origin":"http://localhost:4300","Request_From":"http://localhost:4300/Settings_Account","Request_Url":"/API/AccountSettings/Bank_Delete","Request_Body":{"Info":"U2FsdGVkX18wOjjbRwY008JFPMbDgNBhYo5S4xzYS6mNQaJT3xN9uZXFDtwjaw1VqITXZNDQDlKffUvzSmQjoD3kOoSibcDMDADRzKJUBClGCAWmDG+tVy+DO7rYx0HI"},"If_Get":{},"Device_Info":{"ua":"Mozilla/5.0 (Windows NT 10.0; Win64; x64) AppleWebKit/537.36 (KHTML, like Gecko) Chrome/69.0.3497.100 Safari/537.36","browser":{"name":"Chrome","version":"69.0.3497.100","major":"69"},"engine":{"name":"WebKit","version":"537.36"},"os":{"name":"Windows","version":"10"},"device":{},"cpu":{"architecture":"amd64"}}}
[2018-09-22T15:06:57.803] [ERROR] Error - {"Error_Name":"Bank Delete Query Error","Error_Address":"AccountSettings.controller.js","Ip":"::1","Request_From_Origin":"http://localhost:4300","Request_From":"http://localhost:4300/Settings_Account","Request_Url":"/API/AccountSettings/Bank_Delete","Request_Body":{"Info":"U2FsdGVkX19CilIjYrApK3O9XuNS37vr6k6X4isgCcwx8ZyaBi0WIFiUiHgSSSmllaxroE/B37Tn6bOrNoUHXtgC9apK2tWUNzBNZd92oPgJwx1ha0FmoKzRhpWha6wp"},"If_Get":{},"Device_Info":{"ua":"Mozilla/5.0 (Windows NT 10.0; Win64; x64) AppleWebKit/537.36 (KHTML, like Gecko) Chrome/69.0.3497.100 Safari/537.36","browser":{"name":"Chrome","version":"69.0.3497.100","major":"69"},"engine":{"name":"WebKit","version":"537.36"},"os":{"name":"Windows","version":"10"},"device":{},"cpu":{"architecture":"amd64"}}}
[2018-09-22T15:07:34.155] [ERROR] Error - {"Error_Name":"Bank Delete Query Error","Error_Address":"AccountSettings.controller.js","Ip":"::1","Request_From_Origin":"http://localhost:4300","Request_From":"http://localhost:4300/Settings_Account","Request_Url":"/API/AccountSettings/Bank_Delete","Request_Body":{"Info":"U2FsdGVkX1+sm8GDvRKG0wxw/goeydizTrjnGXw+7ncmcOEE9uxFcsyuJCI/G9nGp+nlyGgeHFffLxGEOG99Etcs8RF6gD+ocND1j9axhVIs9a3BEG4dGzcFhDbvze7B"},"If_Get":{},"Device_Info":{"ua":"Mozilla/5.0 (Windows NT 10.0; Win64; x64) AppleWebKit/537.36 (KHTML, like Gecko) Chrome/69.0.3497.100 Safari/537.36","browser":{"name":"Chrome","version":"69.0.3497.100","major":"69"},"engine":{"name":"WebKit","version":"537.36"},"os":{"name":"Windows","version":"10"},"device":{},"cpu":{"architecture":"amd64"}}}
[2018-09-22T16:11:26.130] [ERROR] Error - {"Error_Name":"","Error_Address":"","Error_Message":"OverwriteModelError: Cannot overwrite `ProductVariants` model once compiled."}
[2018-09-22T16:18:45.495] [ERROR] Error - {"Error_Name":"","Error_Address":"","Error_Message":"OverwriteModelError: Cannot overwrite `ProductVariants` model once compiled."}
[2018-09-22T16:20:21.159] [ERROR] Error - {"Error_Name":"","Error_Address":"","Error_Message":"OverwriteModelError: Cannot overwrite `ProductVariants` model once compiled."}
[2018-09-22T16:21:14.505] [ERROR] Error - {"Error_Name":"","Error_Address":"","Error_Message":"OverwriteModelError: Cannot overwrite `ProductVariants` model once compiled."}
[2018-09-22T16:22:25.420] [ERROR] Error - {"Error_Name":"","Error_Address":"","Error_Message":"OverwriteModelError: Cannot overwrite `ProductVariants` model once compiled."}
[2018-09-22T16:22:44.821] [ERROR] Error - {"Error_Name":"","Error_Address":"","Error_Message":"OverwriteModelError: Cannot overwrite `ProductVariants` model once compiled."}
[2018-09-22T16:29:07.130] [ERROR] Error - {"Error_Name":"","Error_Address":"","Error_Message":"OverwriteModelError: Cannot overwrite `ProductVariants` model once compiled."}
[2018-09-22T16:37:07.496] [ERROR] Error - {"Error_Name":"","Error_Address":"","Error_Message":"TypeError: Cannot read property 'Available_Amount' of undefined"}
[2018-09-22T16:39:07.461] [ERROR] Error - {"Error_Name":"","Error_Address":"","Error_Message":"TypeError: Cannot read property 'Available_Amount' of undefined"}
[2018-09-22T16:42:16.930] [ERROR] Error - {"Error_Name":"","Error_Address":"","Error_Message":"OverwriteModelError: Cannot overwrite `ProductVariants` model once compiled."}
[2018-09-22T16:43:28.115] [ERROR] Error - {"Error_Name":"","Error_Address":"","Error_Message":"Error: Route.post() requires a callback function but got a [object Undefined]"}
[2018-09-22T16:44:32.684] [ERROR] Error - {"Error_Name":"","Error_Address":"","Error_Message":"OverwriteModelError: Cannot overwrite `ProductVariants` model once compiled."}
[2018-09-22T16:44:37.260] [ERROR] Error - {"Error_Name":"","Error_Address":"","Error_Message":"OverwriteModelError: Cannot overwrite `ProductVariants` model once compiled."}
[2018-09-22T16:44:41.334] [ERROR] Error - {"Error_Name":"","Error_Address":"","Error_Message":"OverwriteModelError: Cannot overwrite `ProductVariants` model once compiled."}
[2018-09-22T16:44:50.665] [ERROR] Error - {"Error_Name":"","Error_Address":"","Error_Message":"OverwriteModelError: Cannot overwrite `ProductVariants` model once compiled."}
[2018-09-22T16:45:23.499] [ERROR] Error - {"Error_Name":"","Error_Address":"","Error_Message":"OverwriteModelError: Cannot overwrite `ProductVariants` model once compiled."}
[2018-09-22T16:45:34.838] [ERROR] Error - {"Error_Name":"","Error_Address":"","Error_Message":"OverwriteModelError: Cannot overwrite `ProductVariants` model once compiled."}
[2018-09-22T16:45:42.811] [ERROR] Error - {"Error_Name":"","Error_Address":"","Error_Message":"OverwriteModelError: Cannot overwrite `ProductVariants` model once compiled."}
[2018-09-22T16:45:47.350] [ERROR] Error - {"Error_Name":"","Error_Address":"","Error_Message":"OverwriteModelError: Cannot overwrite `ProductVariants` model once compiled."}
[2018-09-22T16:46:04.874] [ERROR] Error - {"Error_Name":"","Error_Address":"","Error_Message":"OverwriteModelError: Cannot overwrite `ProductVariants` model once compiled."}
[2018-09-22T16:46:11.222] [ERROR] Error - {"Error_Name":"","Error_Address":"","Error_Message":"OverwriteModelError: Cannot overwrite `ProductVariants` model once compiled."}
[2018-09-22T16:46:32.514] [ERROR] Error - {"Error_Name":"","Error_Address":"","Error_Message":"OverwriteModelError: Cannot overwrite `ProductVariants` model once compiled."}
[2018-09-22T16:46:38.427] [ERROR] Error - {"Error_Name":"","Error_Address":"","Error_Message":"OverwriteModelError: Cannot overwrite `ProductVariants` model once compiled."}
[2018-09-22T16:46:47.631] [ERROR] Error - {"Error_Name":"","Error_Address":"","Error_Message":"OverwriteModelError: Cannot overwrite `ProductVariants` model once compiled."}
[2018-09-22T16:47:47.474] [ERROR] Error - {"Error_Name":"","Error_Address":"","Error_Message":"OverwriteModelError: Cannot overwrite `ProductVariants` model once compiled."}
[2018-09-22T16:48:43.754] [ERROR] Error - {"Error_Name":"","Error_Address":"","Error_Message":"OverwriteModelError: Cannot overwrite `ProductVariants` model once compiled."}
[2018-09-22T16:49:00.126] [ERROR] Error - {"Error_Name":"","Error_Address":"","Error_Message":"OverwriteModelError: Cannot overwrite `ProductVariants` model once compiled."}
[2018-09-22T16:49:12.267] [ERROR] Error - {"Error_Name":"","Error_Address":"","Error_Message":"OverwriteModelError: Cannot overwrite `ProductVariants` model once compiled."}
[2018-09-22T16:53:08.910] [ERROR] Error - {"Error_Name":"","Error_Address":"","Error_Message":"OverwriteModelError: Cannot overwrite `Banks` model once compiled."}
[2018-09-22T16:53:54.304] [ERROR] Error - {"Error_Name":"","Error_Address":"","Error_Message":"OverwriteModelError: Cannot overwrite `Banks` model once compiled."}
[2018-09-22T16:54:05.879] [ERROR] Error - {"Error_Name":"","Error_Address":"","Error_Message":"OverwriteModelError: Cannot overwrite `Banks` model once compiled."}
[2018-09-22T16:57:30.827] [ERROR] Error - {"Error_Name":"","Error_Address":"","Error_Message":"Error: Cannot find module './../../models/Settings/Settings.model.js'"}
[2018-09-22T16:57:44.296] [ERROR] Error - {"Error_Name":"","Error_Address":"","Error_Message":"OverwriteModelError: Cannot overwrite `Banks` model once compiled."}
[2018-09-22T16:58:36.838] [ERROR] Error - {"Error_Name":"","Error_Address":"","Error_Message":"OverwriteModelError: Cannot overwrite `Banks` model once compiled."}
