[2018-09-10T13:29:15.836] [ERROR] Error - {"Error_Name":"","Error_Address":"","Error_Message":"TypeError: StockModel.StockHistorySchema.insertMany(...).exec is not a function"}
[2018-09-10T13:31:15.449] [ERROR] Error - {"Error_Name":"","Error_Address":"","Error_Message":"TypeError: StockModel.StockHistorySchema.insertMany(...).exec is not a function"}
[2018-09-10T14:45:46.414] [ERROR] Error - {"Error_Name":"","Error_Address":"","Error_Message":"TypeError: StockModel.StockHistorySchema.insertMany(...).exec is not a function"}
[2018-09-10T14:47:46.367] [ERROR] Error - {"Error_Name":"","Error_Address":"","Error_Message":"TypeError: StockModel.StockHistorySchema.insertMany(...).exec is not a function"}
[2018-09-10T14:48:28.079] [ERROR] Error - {"Error_Name":"","Error_Address":"","Error_Message":"TypeError: StockModel.StockHistorySchema.insertMany(...).exec is not a function"}
[2018-09-10T14:49:59.857] [ERROR] Error - {"Error_Name":"","Error_Address":"","Error_Message":"TypeError: StockModel.StockHistorySchema.insertMany(...).exec is not a function"}
[2018-09-10T14:50:03.737] [ERROR] Error - {"Error_Name":"","Error_Address":"","Error_Message":"TypeError: StockModel.StockHistorySchema.insertMany(...).exec is not a function"}
[2018-09-10T14:52:03.746] [ERROR] Error - {"Error_Name":"","Error_Address":"","Error_Message":"TypeError: StockModel.StockHistorySchema.insertMany(...).exec is not a function"}
[2018-09-10T14:52:47.870] [ERROR] Error - {"Error_Name":"","Error_Address":"","Error_Message":"TypeError: StockModel.StockHistorySchema.insertMany(...).exec is not a function"}
[2018-09-10T14:53:25.075] [ERROR] Error - {"Error_Name":"","Error_Address":"","Error_Message":"TypeError: StockModel.StockHistorySchema.insertMany(...).exec is not a function"}
[2018-09-10T14:53:26.615] [ERROR] Error - {"Error_Name":"","Error_Address":"","Error_Message":"TypeError: StockModel.StockHistorySchema.insertMany(...).exec is not a function"}
[2018-09-10T14:55:23.391] [ERROR] Error - {"Error_Name":"","Error_Address":"","Error_Message":"ReferenceError: obj is not defined"}
[2018-09-10T14:55:24.882] [ERROR] Error - {"Error_Name":"","Error_Address":"","Error_Message":"ReferenceError: obj is not defined"}
[2018-09-10T14:56:23.513] [ERROR] Error - {"Error_Name":"","Error_Address":"","Error_Message":"TypeError: StockModel.StockHistorySchema.insertMany(...).exec is not a function"}
[2018-09-10T14:56:26.962] [ERROR] Error - {"Error_Name":"","Error_Address":"","Error_Message":"TypeError: StockModel.StockHistorySchema.insertMany(...).exec is not a function"}
[2018-09-10T14:57:19.903] [ERROR] Error - {"Error_Name":"","Error_Address":"","Error_Message":"TypeError: StockModel.StockHistorySchema.insertMany(...).exec is not a function"}
[2018-09-10T14:57:22.674] [ERROR] Error - {"Error_Name":"","Error_Address":"","Error_Message":"TypeError: StockModel.StockHistorySchema.insertMany(...).exec is not a function"}
[2018-09-10T14:59:22.674] [ERROR] Error - {"Error_Name":"","Error_Address":"","Error_Message":"TypeError: StockModel.StockHistorySchema.insertMany(...).exec is not a function"}
[2018-09-10T15:03:01.845] [ERROR] Error - {"Error_Name":"","Error_Address":"","Error_Message":"TypeError: StockModel.StockHistorySchema.insertMany(...).exec is not a function"}
[2018-09-10T15:03:51.696] [ERROR] Error - {"Error_Name":"","Error_Address":"","Error_Message":"TypeError: StockModel.StockHistorySchema.insertMany(...).exec is not a function"}
[2018-09-10T15:03:53.239] [ERROR] Error - {"Error_Name":"","Error_Address":"","Error_Message":"TypeError: StockModel.StockHistorySchema.insertMany(...).exec is not a function"}
[2018-09-10T15:04:13.008] [ERROR] Error - {"Error_Name":"","Error_Address":"","Error_Message":"TypeError: StockModel.StockHistorySchema.insertMany(...).exec is not a function"}
[2018-09-10T15:04:13.557] [ERROR] Error - {"Error_Name":"","Error_Address":"","Error_Message":"TypeError: StockModel.StockHistorySchema.insertMany(...).exec is not a function"}
[2018-09-10T15:06:13.564] [ERROR] Error - {"Error_Name":"","Error_Address":"","Error_Message":"TypeError: StockModel.StockHistorySchema.insertMany(...).exec is not a function"}
[2018-09-10T15:41:45.057] [ERROR] Error - {"Error_Name":"","Error_Address":"","Error_Message":"ReferenceError: Removed_Quantity is not defined"}
[2018-09-10T15:51:58.307] [ERROR] Error - {"Error_Name":"","Error_Address":"","Error_Message":"ReferenceError: Removed_Quantity is not defined"}
[2018-09-10T15:53:26.360] [ERROR] Error - {"Error_Name":"","Error_Address":"","Error_Message":"ReferenceError: Removed_Quantity is not defined"}
[2018-09-10T15:53:42.918] [ERROR] Error - {"Error_Name":"","Error_Address":"","Error_Message":"ReferenceError: Removed_Quantity is not defined"}
[2018-09-10T15:54:16.589] [ERROR] Error - {"Error_Name":"","Error_Address":"","Error_Message":"ReferenceError: UnitOfMeasure is not defined"}
[2018-09-10T15:55:07.673] [ERROR] Error - {"Error_Name":"","Error_Address":"","Error_Message":"ReferenceError: UnitOfMeasure is not defined"}
[2018-09-10T15:55:09.675] [ERROR] Error - {"Error_Name":"","Error_Address":"","Error_Message":"ReferenceError: UnitOfMeasure is not defined"}
[2018-09-10T15:57:09.692] [ERROR] Error - {"Error_Name":"","Error_Address":"","Error_Message":"ReferenceError: UnitOfMeasure is not defined"}
[2018-09-10T15:57:42.729] [ERROR] Error - {"Error_Name":"","Error_Address":"","Error_Message":"TypeError: StockModel.StockHistorySchema.insertMany(...).exec is not a function"}
[2018-09-10T15:59:42.674] [ERROR] Error - {"Error_Name":"","Error_Address":"","Error_Message":"TypeError: StockModel.StockHistorySchema.insertMany(...).exec is not a function"}
[2018-09-10T16:21:33.700] [ERROR] Error - {"Error_Name":"","Error_Address":"","Error_Message":"TypeError: StockModel.StockHistorySchema.insertMany(...).exec is not a function"}
[2018-09-10T16:23:33.675] [ERROR] Error - {"Error_Name":"","Error_Address":"","Error_Message":"TypeError: StockModel.StockHistorySchema.insertMany(...).exec is not a function"}
[2018-09-10T16:32:49.303] [ERROR] Error - {"Error_Name":"","Error_Address":"","Error_Message":"TypeError: StockModel.StockHistorySchema.insertMany(...).exec is not a function"}
[2018-09-10T16:34:51.998] [ERROR] Error - {"Error_Name":"","Error_Address":"","Error_Message":"TypeError: StockModel.StockHistorySchema.insertMany(...).exec is not a function"}
[2018-09-10T16:35:24.487] [ERROR] Error - {"Error_Name":"","Error_Address":"","Error_Message":"TypeError: StockModel.StockHistorySchema.insertMany(...).exec is not a function"}
[2018-09-10T16:37:24.441] [ERROR] Error - {"Error_Name":"","Error_Address":"","Error_Message":"TypeError: StockModel.StockHistorySchema.insertMany(...).exec is not a function"}
[2018-09-10T17:32:06.111] [ERROR] Error - {"Error_Name":"","Error_Address":"","Error_Message":"TypeError: StockModel.StockHistorySchema.insertMany(...).exec is not a function"}
[2018-09-10T17:34:01.522] [ERROR] Error - {"Error_Name":"","Error_Address":"","Error_Message":"TypeError: StockModel.StockHistorySchema.insertMany(...).exec is not a function"}
[2018-09-10T17:40:29.257] [ERROR] Error - {"Error_Name":"","Error_Address":"","Error_Message":"TypeError: StockModel.StockHistorySchema.insertMany(...).exec is not a function"}
[2018-09-10T17:42:29.214] [ERROR] Error - {"Error_Name":"","Error_Address":"","Error_Message":"TypeError: StockModel.StockHistorySchema.insertMany(...).exec is not a function"}
[2018-09-10T17:50:34.845] [ERROR] Error - {"Error_Name":"","Error_Address":"","Error_Message":"TypeError: StockModel.StockHistorySchema.insertMany(...).exec is not a function"}
[2018-09-10T17:52:34.571] [ERROR] Error - {"Error_Name":"","Error_Address":"","Error_Message":"TypeError: StockModel.StockHistorySchema.insertMany(...).exec is not a function"}
[2018-09-10T17:55:10.454] [ERROR] Error - {"Error_Name":"","Error_Address":"","Error_Message":"TypeError: StockModel.StockHistorySchema.insertMany(...).exec is not a function"}
[2018-09-10T17:57:10.439] [ERROR] Error - {"Error_Name":"","Error_Address":"","Error_Message":"TypeError: StockModel.StockHistorySchema.insertMany(...).exec is not a function"}
[2018-09-10T18:04:00.569] [ERROR] Error - {"Error_Name":"","Error_Address":"","Error_Message":"TypeError: StockModel.StockHistorySchema.insertMany(...).exec is not a function"}
[2018-09-10T18:06:00.545] [ERROR] Error - {"Error_Name":"","Error_Address":"","Error_Message":"TypeError: StockModel.StockHistorySchema.insertMany(...).exec is not a function"}
[2018-09-10T18:09:00.520] [ERROR] Error - {"Error_Name":"","Error_Address":"","Error_Message":"TypeError: StockModel.StockHistorySchema.create(...).exec is not a function"}
[2018-09-10T18:11:00.494] [ERROR] Error - {"Error_Name":"","Error_Address":"","Error_Message":"TypeError: StockModel.StockHistorySchema.create(...).exec is not a function"}
[2018-09-10T18:19:35.152] [ERROR] Error - {"Error_Name":"","Error_Address":"","Error_Message":"TypeError: StockModel.StockHistorySchema.create(...).exec is not a function"}
[2018-09-10T18:21:04.525] [ERROR] Error - {"Error_Name":"","Error_Address":"","Error_Message":"TypeError: StockModel.StockHistorySchema.create(...).exec is not a function"}
[2018-09-10T18:21:35.122] [ERROR] Error - {"Error_Name":"","Error_Address":"","Error_Message":"TypeError: StockModel.StockHistorySchema.create(...).exec is not a function"}
[2018-09-10T18:21:46.078] [ERROR] Error - {"Error_Name":"","Error_Address":"","Error_Message":"TypeError: StockModel.StockHistorySchema.create(...).exec is not a function"}
[2018-09-10T18:23:54.557] [ERROR] Error - {"Error_Name":"","Error_Address":"","Error_Message":"TypeError: StockModel.StockHistorySchema.create(...).exec is not a function"}
[2018-09-10T18:25:54.543] [ERROR] Error - {"Error_Name":"","Error_Address":"","Error_Message":"TypeError: StockModel.StockHistorySchema.create(...).exec is not a function"}
[2018-09-10T18:30:07.322] [ERROR] Error - {"Error_Name":"","Error_Address":"","Error_Message":"TypeError: StockModel.StockHistorySchema.create(...).exec is not a function"}
[2018-09-10T18:30:44.178] [ERROR] Error - {"Error_Name":"","Error_Address":"","Error_Message":"TypeError: StockModel.StockHistorySchema.create(...).exec is not a function"}
[2018-09-10T18:33:53.945] [ERROR] Error - {"Error_Name":"","Error_Address":"","Error_Message":"TypeError: StockModel.StockHistorySchema.create(...).exec is not a function"}
[2018-09-10T18:34:34.485] [ERROR] Error - {"Error_Name":"","Error_Address":"","Error_Message":"TypeError: StockModel.StockHistorySchema.create(...).exec is not a function"}
[2018-09-10T18:35:53.916] [ERROR] Error - {"Error_Name":"","Error_Address":"","Error_Message":"TypeError: StockModel.StockHistorySchema.create(...).exec is not a function"}
[2018-09-10T18:36:34.494] [ERROR] Error - {"Error_Name":"","Error_Address":"","Error_Message":"TypeError: StockModel.StockHistorySchema.create(...).exec is not a function"}
[2018-09-10T19:08:52.764] [ERROR] Error - {"Error_Name":"","Error_Address":"","Error_Message":"TypeError: StockModel.StockHistorySchema.create(...).exec is not a function"}
